TN:
SF:src/storage/app-storage.ts
FN:142,(anonymous_0)
FN:195,(anonymous_1)
FN:211,(anonymous_2)
FN:227,(anonymous_3)
FN:236,(anonymous_4)
FN:256,(anonymous_5)
FN:268,(anonymous_6)
FN:269,(anonymous_7)
FN:271,(anonymous_8)
FN:273,(anonymous_9)
FN:275,(anonymous_10)
FN:278,(anonymous_11)
FN:300,(anonymous_12)
FN:301,(anonymous_13)
FN:307,(anonymous_14)
FN:310,(anonymous_15)
FNF:16
FNH:16
FNDA:36,(anonymous_0)
FNDA:2,(anonymous_1)
FNDA:34,(anonymous_2)
FNDA:23,(anonymous_3)
FNDA:27,(anonymous_4)
FNDA:65,(anonymous_5)
FNDA:8,(anonymous_6)
FNDA:106,(anonymous_7)
FNDA:41,(anonymous_8)
FNDA:25,(anonymous_9)
FNDA:24,(anonymous_10)
FNDA:4,(anonymous_11)
FNDA:1,(anonymous_12)
FNDA:2,(anonymous_13)
FNDA:1,(anonymous_14)
FNDA:14,(anonymous_15)
DA:142,36
DA:195,8
DA:203,2
DA:211,34
DA:227,23
DA:236,27
DA:242,8
DA:247,8
DA:249,8
DA:256,8
DA:257,65
DA:258,14
DA:261,51
DA:262,51
DA:264,3
DA:268,8
DA:269,106
DA:271,41
DA:273,25
DA:276,24
DA:279,4
DA:281,4
DA:282,0
DA:285,4
DA:286,4
DA:288,4
DA:297,4
DA:301,1
DA:302,2
DA:303,1
DA:307,1
DA:310,14
DA:313,8
LF:33
LH:32
BRDA:257,0,0,14
BRDA:257,0,1,51
BRDA:276,1,0,24
BRDA:276,1,1,1
BRDA:281,2,0,0
BRDA:281,2,1,4
BRDA:302,3,0,1
BRDA:302,3,1,1
BRF:8
BRH:7
end_of_record
TN:
SF:src/storage/fasting-storage.ts
FN:26,(anonymous_0)
FN:28,(anonymous_1)
FN:31,(anonymous_2)
FN:37,(anonymous_3)
FN:40,(anonymous_4)
FN:48,(anonymous_5)
FN:55,(anonymous_6)
FN:61,(anonymous_7)
FN:63,(anonymous_8)
FN:65,(anonymous_9)
FN:66,(anonymous_10)
FN:68,(anonymous_11)
FN:101,(anonymous_12)
FN:102,(anonymous_13)
FN:109,(anonymous_14)
FN:125,(anonymous_15)
FN:130,(anonymous_16)
FN:146,(anonymous_17)
FN:151,(anonymous_18)
FN:165,(anonymous_19)
FN:170,(anonymous_20)
FN:175,(anonymous_21)
FN:180,(anonymous_22)
FN:188,(anonymous_23)
FN:203,(anonymous_24)
FN:204,(anonymous_25)
FN:211,(anonymous_26)
FN:241,(anonymous_27)
FN:270,(anonymous_28)
FN:279,(anonymous_29)
FN:280,(anonymous_30)
FN:287,(anonymous_31)
FN:288,(anonymous_32)
FN:295,(anonymous_33)
FN:298,(anonymous_34)
FNF:35
FNH:26
FNDA:36,(anonymous_0)
FNDA:6,(anonymous_1)
FNDA:6,(anonymous_2)
FNDA:6,(anonymous_3)
FNDA:20,(anonymous_4)
FNDA:5,(anonymous_5)
FNDA:6,(anonymous_6)
FNDA:15,(anonymous_7)
FNDA:11,(anonymous_8)
FNDA:1,(anonymous_9)
FNDA:1,(anonymous_10)
FNDA:6,(anonymous_11)
FNDA:1,(anonymous_12)
FNDA:0,(anonymous_13)
FNDA:4,(anonymous_14)
FNDA:1,(anonymous_15)
FNDA:1,(anonymous_16)
FNDA:0,(anonymous_17)
FNDA:2,(anonymous_18)
FNDA:0,(anonymous_19)
FNDA:1,(anonymous_20)
FNDA:2,(anonymous_21)
FNDA:2,(anonymous_22)
FNDA:4,(anonymous_23)
FNDA:2,(anonymous_24)
FNDA:1,(anonymous_25)
FNDA:2,(anonymous_26)
FNDA:1,(anonymous_27)
FNDA:1,(anonymous_28)
FNDA:0,(anonymous_29)
FNDA:0,(anonymous_30)
FNDA:0,(anonymous_31)
FNDA:0,(anonymous_32)
FNDA:0,(anonymous_33)
FNDA:0,(anonymous_34)
DA:26,36
DA:28,1
DA:29,6
DA:31,1
DA:32,6
DA:34,1
DA:35,1
DA:37,1
DA:38,6
DA:40,1
DA:41,20
DA:42,20
DA:43,20
DA:45,20
DA:48,1
DA:49,5
DA:50,5
DA:52,5
DA:55,1
DA:56,6
DA:57,6
DA:58,6
DA:61,15
DA:63,11
DA:65,1
DA:66,1
DA:68,1
DA:75,6
DA:76,6
DA:86,6
DA:87,6
DA:88,6
DA:89,6
DA:98,6
DA:101,1
DA:102,6
DA:104,6
DA:109,1
DA:110,4
DA:112,4
DA:113,1
DA:116,3
DA:117,3
DA:123,3
DA:124,3
DA:125,1
DA:128,3
DA:131,1
DA:136,3
DA:143,3
DA:146,0
DA:148,3
DA:151,1
DA:152,2
DA:154,2
DA:162,2
DA:165,0
DA:167,2
DA:170,1
DA:171,1
DA:173,1
DA:175,2
DA:180,1
DA:187,2
DA:188,4
DA:190,2
DA:191,1
DA:194,1
DA:195,1
DA:200,1
DA:203,2
DA:204,1
DA:208,1
DA:211,1
DA:212,2
DA:214,2
DA:215,1
DA:217,1
DA:224,1
DA:226,1
DA:228,1
DA:234,1
DA:241,1
DA:244,1
DA:246,1
DA:248,1
DA:249,0
DA:257,1
DA:262,1
DA:270,1
DA:273,1
DA:279,1
DA:280,0
DA:281,0
DA:282,0
DA:283,0
DA:287,1
DA:288,0
DA:289,0
DA:290,0
DA:291,0
DA:295,1
DA:296,0
DA:298,1
DA:299,0
LF:105
LH:92
BRDA:104,0,0,1
BRDA:104,0,1,5
BRDA:112,1,0,1
BRDA:112,1,1,3
BRDA:190,2,0,1
BRDA:190,2,1,1
BRDA:203,3,0,1
BRDA:203,3,1,1
BRDA:214,4,0,1
BRDA:214,4,1,1
BRDA:231,5,0,1
BRDA:231,5,1,1
BRDA:248,6,0,0
BRDA:248,6,1,1
BRDA:281,7,0,0
BRDA:281,7,1,0
BRDA:289,8,0,0
BRDA:289,8,1,0
BRF:18
BRH:13
end_of_record
TN:
SF:src/storage/notification-storage.ts
FN:7,(anonymous_0)
FN:15,(anonymous_1)
FN:24,(anonymous_2)
FN:44,(anonymous_3)
FN:69,(anonymous_4)
FN:80,(anonymous_5)
FN:92,(anonymous_6)
FN:129,(anonymous_7)
FNF:8
FNH:6
FNDA:1,(anonymous_0)
FNDA:0,(anonymous_1)
FNDA:10,(anonymous_2)
FNDA:1,(anonymous_3)
FNDA:4,(anonymous_4)
FNDA:0,(anonymous_5)
FNDA:4,(anonymous_6)
FNDA:1,(anonymous_7)
DA:5,1
DA:7,1
DA:8,1
DA:9,0
DA:12,1
DA:14,0
DA:15,0
DA:24,1
DA:25,10
DA:26,4
DA:29,6
DA:30,6
DA:31,6
DA:33,6
DA:34,0
DA:37,6
DA:38,2
DA:41,4
DA:44,1
DA:45,1
DA:46,0
DA:49,1
DA:51,0
DA:52,0
DA:58,0
DA:60,0
DA:61,0
DA:64,0
DA:66,0
DA:69,1
DA:70,4
DA:71,0
DA:74,4
DA:75,0
DA:77,0
DA:80,1
DA:83,0
DA:84,0
DA:87,0
DA:89,0
DA:92,1
DA:99,4
DA:100,2
DA:103,2
DA:104,0
DA:107,0
DA:108,0
DA:112,0
DA:113,0
DA:116,0
DA:129,1
DA:132,1
DA:133,0
DA:136,1
DA:138,1
DA:139,0
DA:142,0
DA:144,0
LF:58
LH:29
BRDA:8,0,0,0
BRDA:8,0,1,1
BRDA:25,1,0,4
BRDA:25,1,1,6
BRDA:33,2,0,0
BRDA:33,2,1,6
BRDA:33,3,0,6
BRDA:33,3,1,6
BRDA:37,4,0,2
BRDA:37,4,1,4
BRDA:37,5,0,6
BRDA:37,5,1,6
BRDA:37,5,2,5
BRDA:37,5,3,5
BRDA:45,6,0,0
BRDA:45,6,1,1
BRDA:51,7,0,0
BRDA:51,7,1,0
BRDA:60,8,0,0
BRDA:60,8,1,0
BRDA:70,9,0,0
BRDA:70,9,1,4
BRDA:83,10,0,0
BRDA:83,10,1,0
BRDA:83,11,0,0
BRDA:83,11,1,0
BRDA:99,12,0,2
BRDA:99,12,1,2
BRDA:99,13,0,4
BRDA:99,13,1,3
BRDA:99,13,2,2
BRDA:103,14,0,0
BRDA:103,14,1,0
BRDA:112,15,0,0
BRDA:112,15,1,0
BRDA:132,16,0,0
BRDA:132,16,1,1
BRDA:138,17,0,0
BRDA:138,17,1,0
BRDA:138,18,0,1
BRDA:138,18,1,1
BRF:41
BRH:22
end_of_record
TN:
SF:src/storage/settings-storage.ts
FN:34,(anonymous_0)
FN:36,(anonymous_1)
FN:173,(anonymous_2)
FN:175,(anonymous_3)
FN:181,(anonymous_4)
FN:186,(anonymous_5)
FN:194,(anonymous_6)
FN:195,(anonymous_7)
FN:201,(anonymous_8)
FN:202,(anonymous_9)
FN:208,(anonymous_10)
FN:209,(anonymous_11)
FN:215,(anonymous_12)
FN:218,(anonymous_13)
FN:237,(anonymous_14)
FN:246,(anonymous_15)
FN:256,(anonymous_16)
FN:270,(anonymous_17)
FN:272,(anonymous_18)
FN:285,(anonymous_19)
FN:287,(anonymous_20)
FN:297,(anonymous_21)
FN:299,(anonymous_22)
FN:300,(anonymous_23)
FN:304,(anonymous_24)
FN:317,(anonymous_25)
FN:319,(anonymous_26)
FN:326,(anonymous_27)
FN:334,(anonymous_28)
FN:337,(anonymous_29)
FN:339,(anonymous_30)
FN:355,(anonymous_31)
FN:356,(anonymous_32)
FN:362,(anonymous_33)
FN:365,(anonymous_34)
FN:371,(anonymous_35)
FN:383,(anonymous_36)
FN:393,(anonymous_37)
FN:399,(anonymous_38)
FN:407,(anonymous_39)
FN:410,(anonymous_40)
FN:415,(anonymous_41)
FN:420,(anonymous_42)
FN:426,(anonymous_43)
FN:434,(anonymous_44)
FN:452,(anonymous_45)
FN:453,(anonymous_46)
FN:460,(anonymous_47)
FN:463,(anonymous_48)
FN:466,(anonymous_49)
FN:472,(anonymous_50)
FN:482,(anonymous_51)
FN:499,(anonymous_52)
FN:520,(anonymous_53)
FN:530,(anonymous_54)
FN:533,(anonymous_55)
FN:546,(anonymous_56)
FN:577,(anonymous_57)
FN:581,(anonymous_58)
FN:584,(anonymous_59)
FN:586,(anonymous_60)
FN:588,(anonymous_61)
FN:590,(anonymous_62)
FN:592,(anonymous_63)
FN:595,(anonymous_64)
FNF:65
FNH:51
FNDA:47,(anonymous_0)
FNDA:10,(anonymous_1)
FNDA:72,(anonymous_2)
FNDA:10,(anonymous_3)
FNDA:43,(anonymous_4)
FNDA:33,(anonymous_5)
FNDA:1,(anonymous_6)
FNDA:1,(anonymous_7)
FNDA:1,(anonymous_8)
FNDA:1,(anonymous_9)
FNDA:6,(anonymous_10)
FNDA:6,(anonymous_11)
FNDA:1,(anonymous_12)
FNDA:1,(anonymous_13)
FNDA:1,(anonymous_14)
FNDA:2,(anonymous_15)
FNDA:9,(anonymous_16)
FNDA:1,(anonymous_17)
FNDA:6,(anonymous_18)
FNDA:2,(anonymous_19)
FNDA:9,(anonymous_20)
FNDA:6,(anonymous_21)
FNDA:3,(anonymous_22)
FNDA:0,(anonymous_23)
FNDA:1,(anonymous_24)
FNDA:6,(anonymous_25)
FNDA:21,(anonymous_26)
FNDA:31,(anonymous_27)
FNDA:11,(anonymous_28)
FNDA:5,(anonymous_29)
FNDA:26,(anonymous_30)
FNDA:1,(anonymous_31)
FNDA:1,(anonymous_32)
FNDA:16,(anonymous_33)
FNDA:16,(anonymous_34)
FNDA:7,(anonymous_35)
FNDA:6,(anonymous_36)
FNDA:1,(anonymous_37)
FNDA:2,(anonymous_38)
FNDA:2,(anonymous_39)
FNDA:2,(anonymous_40)
FNDA:6,(anonymous_41)
FNDA:6,(anonymous_42)
FNDA:1,(anonymous_43)
FNDA:2,(anonymous_44)
FNDA:0,(anonymous_45)
FNDA:0,(anonymous_46)
FNDA:0,(anonymous_47)
FNDA:1,(anonymous_48)
FNDA:12,(anonymous_49)
FNDA:2,(anonymous_50)
FNDA:1,(anonymous_51)
FNDA:1,(anonymous_52)
FNDA:1,(anonymous_53)
FNDA:2,(anonymous_54)
FNDA:0,(anonymous_55)
FNDA:0,(anonymous_56)
FNDA:0,(anonymous_57)
FNDA:0,(anonymous_58)
FNDA:0,(anonymous_59)
FNDA:0,(anonymous_60)
FNDA:0,(anonymous_61)
FNDA:0,(anonymous_62)
FNDA:0,(anonymous_63)
FNDA:0,(anonymous_64)
DA:34,47
DA:36,2
DA:37,10
DA:39,2
DA:41,2
DA:59,2
DA:162,2
DA:173,72
DA:175,2
DA:176,10
DA:178,10
DA:181,2
DA:182,43
DA:183,43
DA:186,2
DA:187,33
DA:189,33
DA:191,33
DA:194,2
DA:195,1
DA:201,2
DA:202,1
DA:208,2
DA:209,6
DA:215,2
DA:216,1
DA:218,2
DA:225,1
DA:226,1
DA:237,1
DA:243,1
DA:246,2
DA:255,2
DA:256,9
DA:258,2
DA:259,1
DA:262,1
DA:263,1
DA:270,1
DA:273,6
DA:282,1
DA:285,2
DA:286,2
DA:287,9
DA:289,2
DA:294,1
DA:297,6
DA:299,3
DA:300,0
DA:302,1
DA:304,1
DA:314,1
DA:317,2
DA:318,6
DA:319,21
DA:321,6
DA:322,0
DA:325,6
DA:326,31
DA:329,6
DA:330,1
DA:334,11
DA:335,5
DA:337,5
DA:339,26
DA:352,5
DA:355,2
DA:356,1
DA:362,2
DA:365,16
DA:371,2
DA:372,7
DA:373,7
DA:374,7
DA:376,7
DA:378,7
DA:383,6
DA:389,1
DA:393,1
DA:399,2
DA:402,2
DA:404,2
DA:407,2
DA:410,2
DA:415,2
DA:416,6
DA:418,6
DA:420,6
DA:426,2
DA:432,1
DA:434,2
DA:441,2
DA:442,0
DA:445,2
DA:446,0
DA:449,2
DA:452,2
DA:453,0
DA:454,0
DA:455,0
DA:456,0
DA:460,2
DA:461,0
DA:463,2
DA:464,1
DA:466,2
DA:467,12
DA:469,12
DA:472,2
DA:482,2
DA:483,1
DA:484,1
DA:485,1
DA:486,1
DA:499,1
DA:500,1
DA:517,1
DA:520,2
DA:521,1
DA:530,2
DA:531,2
DA:533,2
DA:540,0
DA:546,2
DA:547,0
DA:548,0
DA:549,0
DA:551,0
DA:552,0
DA:553,0
DA:556,0
DA:557,0
DA:559,0
DA:560,0
DA:565,0
DA:568,0
DA:573,2
DA:574,2
DA:575,2
DA:577,2
DA:578,0
DA:581,2
DA:582,0
DA:584,2
DA:586,2
DA:588,2
DA:590,2
DA:592,2
DA:593,0
DA:595,2
DA:596,0
LF:151
LH:125
BRDA:258,0,0,1
BRDA:258,0,1,1
BRDA:258,1,0,2
BRDA:258,1,1,2
BRDA:273,2,0,1
BRDA:273,2,1,5
BRDA:276,3,0,0
BRDA:276,3,1,1
BRDA:289,4,0,1
BRDA:289,4,1,1
BRDA:290,5,0,2
BRDA:290,5,1,2
BRDA:290,5,2,1
BRDA:299,6,0,1
BRDA:299,6,1,0
BRDA:299,6,2,0
BRDA:299,7,0,3
BRDA:299,7,1,1
BRDA:308,8,0,0
BRDA:308,8,1,1
BRDA:321,9,0,0
BRDA:321,9,1,6
BRDA:321,10,0,6
BRDA:321,10,1,6
BRDA:326,11,0,31
BRDA:326,11,1,25
BRDA:329,12,0,1
BRDA:329,12,1,5
BRDA:329,13,0,6
BRDA:329,13,1,6
BRDA:334,14,0,5
BRDA:334,14,1,3
BRDA:341,15,0,5
BRDA:341,15,1,21
BRDA:342,16,0,5
BRDA:342,16,1,21
BRDA:345,17,0,1
BRDA:345,17,1,4
BRDA:345,18,0,5
BRDA:345,18,1,5
BRDA:374,19,0,7
BRDA:374,19,1,7
BRDA:378,20,0,6
BRDA:378,20,1,1
BRDA:379,21,0,7
BRDA:379,21,1,2
BRDA:379,21,2,2
BRDA:441,22,0,0
BRDA:441,22,1,2
BRDA:445,23,0,0
BRDA:445,23,1,2
BRDA:449,24,0,1
BRDA:449,24,1,1
BRDA:454,25,0,0
BRDA:454,25,1,0
BRDA:467,26,0,1
BRDA:467,26,1,11
BRDA:469,27,0,2
BRDA:469,27,1,10
BRDA:475,28,0,2
BRDA:475,28,1,2
BRDA:476,29,0,2
BRDA:476,29,1,2
BRDA:476,29,2,2
BRDA:477,30,0,2
BRDA:477,30,1,2
BRDA:479,31,0,2
BRDA:479,31,1,2
BRDA:485,32,0,1
BRDA:485,32,1,0
BRDA:524,33,0,1
BRDA:524,33,1,0
BRDA:531,34,0,1
BRDA:531,34,1,1
BRDA:551,35,0,0
BRDA:551,35,1,0
BRDA:559,36,0,0
BRDA:559,36,1,0
BRDA:562,37,0,0
BRDA:562,37,1,0
BRDA:563,38,0,0
BRDA:563,38,1,0
BRDA:582,39,0,0
BRDA:582,39,1,0
BRDA:582,39,2,0
BRF:85
BRH:63
end_of_record
TN:
SF:src/storage/storage-migrations.ts
FN:30,(anonymous_0)
FN:35,(anonymous_1)
FN:37,(anonymous_2)
FN:76,(anonymous_3)
FN:95,(anonymous_4)
FN:119,(anonymous_5)
FN:130,(anonymous_6)
FNF:7
FNH:7
FNDA:3,(anonymous_0)
FNDA:3,(anonymous_1)
FNDA:12,(anonymous_2)
FNDA:3,(anonymous_3)
FNDA:3,(anonymous_4)
FNDA:3,(anonymous_5)
FNDA:3,(anonymous_6)
DA:30,3
DA:35,3
DA:37,1
DA:50,12
DA:52,12
DA:53,12
DA:54,12
DA:56,12
DA:57,10
DA:58,0
DA:61,10
DA:64,2
DA:65,2
DA:66,2
DA:68,2
DA:69,1
DA:73,2
DA:76,1
DA:80,3
DA:82,3
DA:95,1
DA:99,3
DA:101,3
DA:105,3
DA:119,1
DA:122,3
DA:130,1
DA:131,3
DA:132,3
DA:137,3
DA:142,3
DA:147,3
DA:153,3
DA:158,3
DA:163,3
DA:168,3
LF:36
LH:35
BRDA:31,0,0,3
BRDA:31,0,1,3
BRDA:31,0,2,3
BRDA:32,1,0,3
BRDA:32,1,1,3
BRDA:56,2,0,10
BRDA:56,2,1,2
BRDA:57,3,0,0
BRDA:57,3,1,10
BRDA:57,4,0,10
BRDA:57,4,1,0
BRDA:58,5,0,0
BRDA:58,5,1,0
BRDA:64,6,0,2
BRDA:64,6,1,0
BRDA:64,7,0,2
BRDA:64,7,1,2
BRDA:68,8,0,1
BRDA:68,8,1,1
BRDA:69,9,0,1
BRDA:69,9,1,0
BRDA:82,10,0,2
BRDA:82,10,1,1
BRDA:101,11,0,2
BRDA:101,11,1,1
BRDA:101,12,0,3
BRDA:101,12,1,1
BRDA:113,13,0,3
BRDA:113,13,1,3
BRDA:115,14,0,3
BRDA:115,14,1,2
BRDA:126,15,0,3
BRDA:126,15,1,3
BRDA:127,16,0,3
BRDA:127,16,1,3
BRDA:170,17,0,3
BRDA:170,17,1,3
BRF:37
BRH:31
end_of_record
TN:
SF:src/storage/storage-validation.ts
FN:31,(anonymous_0)
FN:34,(anonymous_1)
FN:36,(anonymous_2)
FN:38,(anonymous_3)
FN:41,(anonymous_4)
FN:43,(anonymous_5)
FN:45,(anonymous_6)
FN:48,(anonymous_7)
FN:51,(anonymous_8)
FN:63,(anonymous_9)
FN:66,(anonymous_10)
FN:69,(anonymous_11)
FN:92,(anonymous_12)
FN:101,(anonymous_13)
FN:112,(anonymous_14)
FN:114,(anonymous_15)
FN:119,(anonymous_16)
FN:121,(anonymous_17)
FN:131,(anonymous_18)
FN:133,(anonymous_19)
FN:134,(anonymous_20)
FN:136,(anonymous_21)
FN:138,(anonymous_22)
FN:140,(anonymous_23)
FN:143,(anonymous_24)
FN:149,(anonymous_25)
FN:202,(anonymous_26)
FN:236,(anonymous_27)
FN:272,(anonymous_28)
FN:289,(anonymous_29)
FN:299,(anonymous_30)
FN:307,(anonymous_31)
FN:332,(anonymous_32)
FNF:33
FNH:32
FNDA:18,(anonymous_0)
FNDA:61,(anonymous_1)
FNDA:8,(anonymous_2)
FNDA:9,(anonymous_3)
FNDA:4,(anonymous_4)
FNDA:5,(anonymous_5)
FNDA:10,(anonymous_6)
FNDA:24,(anonymous_7)
FNDA:12,(anonymous_8)
FNDA:18,(anonymous_9)
FNDA:3,(anonymous_10)
FNDA:4,(anonymous_11)
FNDA:2,(anonymous_12)
FNDA:4,(anonymous_13)
FNDA:3,(anonymous_14)
FNDA:5,(anonymous_15)
FNDA:5,(anonymous_16)
FNDA:9,(anonymous_17)
FNDA:5,(anonymous_18)
FNDA:2,(anonymous_19)
FNDA:1,(anonymous_20)
FNDA:6,(anonymous_21)
FNDA:4,(anonymous_22)
FNDA:0,(anonymous_23)
FNDA:6,(anonymous_24)
FNDA:6,(anonymous_25)
FNDA:4,(anonymous_26)
FNDA:5,(anonymous_27)
FNDA:6,(anonymous_28)
FNDA:3,(anonymous_29)
FNDA:1,(anonymous_30)
FNDA:5,(anonymous_31)
FNDA:12,(anonymous_32)
DA:31,2
DA:32,18
DA:34,61
DA:36,8
DA:38,2
DA:39,9
DA:41,4
DA:43,5
DA:45,2
DA:46,10
DA:48,2
DA:49,24
DA:51,2
DA:54,12
DA:56,2
DA:57,2
DA:58,2
DA:59,2
DA:60,2
DA:61,2
DA:63,2
DA:64,18
DA:66,2
DA:67,3
DA:69,2
DA:70,4
DA:71,0
DA:74,4
DA:75,1
DA:78,3
DA:92,2
DA:97,2
DA:98,0
DA:101,2
DA:102,4
DA:104,4
DA:107,2
DA:108,1
DA:111,1
DA:113,3
DA:115,5
DA:119,1
DA:120,5
DA:121,9
DA:124,5
DA:131,5
DA:132,1
DA:133,2
DA:134,1
DA:135,1
DA:136,6
DA:138,4
DA:140,0
DA:143,6
DA:149,2
DA:153,6
DA:155,6
DA:156,3
DA:159,3
DA:160,1
DA:163,2
DA:164,2
DA:199,2
DA:202,2
DA:203,4
DA:204,0
DA:207,4
DA:213,1
DA:216,3
DA:220,3
DA:221,1
DA:224,2
DA:236,2
DA:240,5
DA:241,4
DA:244,1
DA:245,0
DA:252,1
DA:254,1
DA:272,2
DA:276,6
DA:277,4
DA:280,2
DA:281,1
DA:288,1
DA:290,3
DA:292,3
DA:296,1
DA:299,1
DA:307,2
DA:311,5
DA:312,3
DA:315,2
DA:316,0
DA:319,2
DA:332,2
DA:333,12
DA:334,2
LF:98
LH:92
BRDA:32,0,0,18
BRDA:32,0,1,17
BRDA:32,0,2,16
BRDA:39,1,0,9
BRDA:39,1,1,8
BRDA:41,2,0,4
BRDA:41,2,1,4
BRDA:43,3,0,5
BRDA:43,3,1,4
BRDA:46,4,0,10
BRDA:46,4,1,10
BRDA:49,5,0,24
BRDA:49,5,1,8
BRDA:54,6,0,12
BRDA:54,6,1,7
BRDA:64,7,0,2
BRDA:64,7,1,16
BRDA:67,8,0,1
BRDA:67,8,1,2
BRDA:70,9,0,0
BRDA:70,9,1,4
BRDA:74,10,0,1
BRDA:74,10,1,3
BRDA:74,11,0,4
BRDA:74,11,1,4
BRDA:81,12,0,0
BRDA:81,12,1,3
BRDA:84,13,0,2
BRDA:84,13,1,1
BRDA:84,14,0,3
BRDA:84,14,1,3
BRDA:86,15,0,2
BRDA:86,15,1,1
BRDA:97,16,0,0
BRDA:97,16,1,2
BRDA:104,17,0,1
BRDA:104,17,1,3
BRDA:107,18,0,1
BRDA:107,18,1,1
BRDA:115,19,0,5
BRDA:115,19,1,3
BRDA:126,20,0,5
BRDA:126,20,1,4
BRDA:127,21,0,5
BRDA:127,21,1,4
BRDA:128,22,0,5
BRDA:128,22,1,4
BRDA:138,23,0,1
BRDA:138,23,1,1
BRDA:138,23,2,0
BRDA:138,23,3,0
BRDA:145,24,0,1
BRDA:145,24,1,5
BRDA:155,25,0,3
BRDA:155,25,1,3
BRDA:159,26,0,1
BRDA:159,26,1,2
BRDA:163,27,0,2
BRDA:163,27,1,0
BRDA:166,28,0,0
BRDA:166,28,1,2
BRDA:169,29,0,1
BRDA:169,29,1,1
BRDA:173,30,0,0
BRDA:173,30,1,2
BRDA:177,31,0,2
BRDA:177,31,1,0
BRDA:179,32,0,0
BRDA:179,32,1,0
BRDA:183,33,0,1
BRDA:183,33,1,1
BRDA:186,34,0,1
BRDA:186,34,1,1
BRDA:189,35,0,1
BRDA:189,35,1,1
BRDA:203,36,0,0
BRDA:203,36,1,4
BRDA:207,37,0,1
BRDA:207,37,1,3
BRDA:208,38,0,4
BRDA:208,38,1,4
BRDA:208,38,2,3
BRDA:208,38,3,3
BRDA:216,39,0,3
BRDA:216,39,1,0
BRDA:216,40,0,3
BRDA:216,40,1,3
BRDA:216,40,2,3
BRDA:220,41,0,1
BRDA:220,41,1,2
BRDA:220,42,0,3
BRDA:220,42,1,3
BRDA:230,43,0,0
BRDA:230,43,1,2
BRDA:240,44,0,4
BRDA:240,44,1,1
BRDA:244,45,0,0
BRDA:244,45,1,1
BRDA:252,46,0,0
BRDA:252,46,1,1
BRDA:259,47,0,0
BRDA:259,47,1,1
BRDA:262,48,0,0
BRDA:262,48,1,1
BRDA:276,49,0,4
BRDA:276,49,1,2
BRDA:280,50,0,1
BRDA:280,50,1,1
BRDA:288,51,0,1
BRDA:288,51,1,0
BRDA:292,52,0,1
BRDA:292,52,1,2
BRDA:311,53,0,3
BRDA:311,53,1,2
BRDA:315,54,0,0
BRDA:315,54,1,2
BRDA:322,55,0,1
BRDA:322,55,1,1
BRDA:323,56,0,2
BRDA:323,56,1,0
BRDA:333,57,0,2
BRDA:333,57,1,10
BRDA:333,58,0,12
BRDA:333,58,1,4
BRF:124
BRH:103
end_of_record
TN:
SF:src/utils/fast-goals.ts
FN:10,(anonymous_0)
FN:20,(anonymous_1)
FN:26,(anonymous_2)
FNF:3
FNH:3
FNDA:4,(anonymous_0)
FNDA:3,(anonymous_1)
FNDA:2,(anonymous_2)
DA:1,1
DA:2,1
DA:3,1
DA:10,1
DA:11,4
DA:12,3
DA:14,2
DA:15,2
DA:17,2
DA:20,1
DA:24,3
DA:26,2
LF:12
LH:12
BRDA:11,0,0,1
BRDA:11,0,1,3
BRDA:12,1,0,1
BRDA:12,1,1,2
BRDA:17,2,0,1
BRDA:17,2,1,1
BRDA:24,3,0,1
BRDA:24,3,1,2
BRDA:26,4,0,2
BRDA:26,4,1,1
BRF:10
BRH:10
end_of_record
TN:
SF:src/utils/fasting-analytics.ts
FN:33,(anonymous_0)
FN:34,(anonymous_1)
FN:36,(anonymous_2)
FN:40,(anonymous_3)
FN:45,(anonymous_4)
FN:64,(anonymous_5)
FN:69,(anonymous_6)
FN:81,(anonymous_7)
FN:87,(anonymous_8)
FN:102,(anonymous_9)
FN:103,(anonymous_10)
FN:109,(anonymous_11)
FN:116,(anonymous_12)
FN:118,(anonymous_13)
FN:122,(anonymous_14)
FN:128,(anonymous_15)
FN:134,(anonymous_16)
FN:144,(anonymous_17)
FN:146,(anonymous_18)
FN:153,(anonymous_19)
FN:160,(anonymous_20)
FN:167,(anonymous_21)
FNF:22
FNH:22
FNDA:5,(anonymous_0)
FNDA:20,(anonymous_1)
FNDA:3,(anonymous_2)
FNDA:8,(anonymous_3)
FNDA:5,(anonymous_4)
FNDA:4,(anonymous_5)
FNDA:6,(anonymous_6)
FNDA:2,(anonymous_7)
FNDA:4,(anonymous_8)
FNDA:1,(anonymous_9)
FNDA:4,(anonymous_10)
FNDA:3,(anonymous_11)
FNDA:402,(anonymous_12)
FNDA:1,(anonymous_13)
FNDA:4,(anonymous_14)
FNDA:6,(anonymous_15)
FNDA:2,(anonymous_16)
FNDA:8,(anonymous_17)
FNDA:32,(anonymous_18)
FNDA:1,(anonymous_19)
FNDA:4,(anonymous_20)
FNDA:1,(anonymous_21)
DA:33,1
DA:34,20
DA:36,1
DA:39,3
DA:40,8
DA:45,1
DA:49,5
DA:50,5
DA:51,5
DA:52,5
DA:53,5
DA:54,5
DA:56,5
DA:57,6
DA:58,6
DA:61,5
DA:64,1
DA:65,4
DA:66,4
DA:67,4
DA:69,4
DA:70,6
DA:74,6
DA:75,6
DA:78,4
DA:81,1
DA:85,2
DA:86,2
DA:87,4
DA:88,2
DA:90,2
DA:102,1
DA:103,1
DA:104,4
DA:106,4
DA:109,1
DA:116,402
DA:118,1
DA:122,1
DA:123,4
DA:125,4
DA:128,6
DA:134,1
DA:137,2
DA:144,8
DA:147,32
DA:148,32
DA:153,1
DA:157,1
DA:160,4
DA:167,1
DA:172,1
DA:173,1
DA:175,1
LF:54
LH:54
BRDA:47,0,0,0
BRDA:52,1,0,2
BRDA:52,1,1,3
BRDA:71,2,0,2
BRDA:71,2,1,4
BRDA:71,3,0,6
BRDA:71,3,1,4
BRDA:83,4,0,0
BRDA:93,5,0,1
BRDA:93,5,1,1
BRDA:95,6,0,1
BRDA:95,6,1,1
BRDA:106,7,0,4
BRDA:106,7,1,3
BRDA:116,8,0,402
BRDA:116,8,1,393
BRDA:125,9,0,4
BRDA:125,9,1,1
BRDA:130,10,0,6
BRDA:130,10,1,5
BRDA:148,11,0,32
BRDA:148,11,1,20
BRDA:169,12,0,0
BRF:23
BRH:20
end_of_record
TN:
SF:src/utils/fasting-duration.ts
FN:3,(anonymous_0)
FN:6,(anonymous_1)
FN:15,(anonymous_2)
FN:18,(anonymous_3)
FN:21,(anonymous_4)
FN:24,(anonymous_5)
FNF:6
FNH:6
FNDA:52,(anonymous_0)
FNDA:51,(anonymous_1)
FNDA:49,(anonymous_2)
FNDA:2,(anonymous_3)
FNDA:2,(anonymous_4)
FNDA:2,(anonymous_5)
DA:3,3
DA:4,52
DA:6,3
DA:10,51
DA:15,3
DA:16,49
DA:18,3
DA:19,2
DA:21,3
DA:22,2
DA:24,3
DA:25,2
DA:26,2
DA:27,2
DA:28,2
DA:30,2
LF:16
LH:16
BRDA:8,0,0,50
BRDA:12,1,0,1
BRDA:12,1,1,50
BRDA:22,2,0,1
BRDA:22,2,1,1
BRF:5
BRH:5
end_of_record
TN:
SF:src/utils/fasting-statistics.ts
FN:7,(anonymous_0)
FN:9,(anonymous_1)
FN:12,(anonymous_2)
FN:15,(anonymous_3)
FN:23,(anonymous_4)
FN:30,(anonymous_5)
FN:38,(anonymous_6)
FN:42,(anonymous_7)
FN:52,(anonymous_8)
FN:62,(anonymous_9)
FN:65,(anonymous_10)
FN:67,(anonymous_11)
FN:74,(anonymous_12)
FNF:13
FNH:13
FNDA:892,(anonymous_0)
FNDA:439,(anonymous_1)
FNDA:14,(anonymous_2)
FNDA:16,(anonymous_3)
FNDA:5,(anonymous_4)
FNDA:405,(anonymous_5)
FNDA:3,(anonymous_6)
FNDA:9,(anonymous_7)
FNDA:9,(anonymous_8)
FNDA:6,(anonymous_9)
FNDA:13,(anonymous_10)
FNDA:6,(anonymous_11)
FNDA:9,(anonymous_12)
DA:7,892
DA:9,2
DA:10,439
DA:12,2
DA:13,14
DA:15,2
DA:16,16
DA:17,16
DA:19,16
DA:20,16
DA:23,2
DA:27,5
DA:28,5
DA:30,5
DA:31,405
DA:33,405
DA:34,405
DA:38,2
DA:42,3
DA:43,9
DA:49,9
DA:52,2
DA:53,9
DA:55,9
DA:62,2
DA:65,13
DA:67,2
DA:68,6
DA:70,6
DA:72,4
DA:75,9
LF:31
LH:31
BRDA:25,0,0,1
BRDA:40,1,0,1
BRDA:53,2,0,0
BRDA:53,2,1,9
BRDA:65,3,0,13
BRDA:65,3,1,10
BRDA:70,4,0,2
BRDA:70,4,1,4
BRF:8
BRH:7
end_of_record
